<?xml version="1.0" encoding="UTF-8"?>
<testng-results ignored="0" total="1" passed="1" failed="0" skipped="0">
  <reporter-output>
  </reporter-output>
  <suite started-at="2023-09-05T17:54:26 IST" name="Suite" finished-at="2023-09-05T17:54:38 IST" duration-ms="11869">
    <groups>
    </groups>
    <test started-at="2023-09-05T17:54:26 IST" name="Test" finished-at="2023-09-05T17:54:38 IST" duration-ms="11869">
      <class name="com.jenkin.jenkins_programs.NewTest">
        <test-method signature="f()[pri:0, instance:com.jenkin.jenkins_programs.NewTest@a38c7fe]" started-at="2023-09-05T17:54:26 IST" name="f" finished-at="2023-09-05T17:54:38 IST" duration-ms="11808" status="PASS">
          <reporter-output>
          </reporter-output>
        </test-method> <!-- f -->
      </class> <!-- com.jenkin.jenkins_programs.NewTest -->
    </test> <!-- Test -->
  </suite> <!-- Suite -->
</testng-results>
