<?xml version="1.0" encoding="UTF-8"?>
<testng-results ignored="0" total="1" passed="1" failed="0" skipped="0">
  <reporter-output>
  </reporter-output>
  <suite started-at="2023-09-05T15:32:52 IST" name="Default suite" finished-at="2023-09-05T15:33:08 IST" duration-ms="15616">
    <groups>
    </groups>
    <test started-at="2023-09-05T15:32:52 IST" name="Default test" finished-at="2023-09-05T15:33:08 IST" duration-ms="15616">
      <class name="com.jenkin.jenkins_programs.NewTest">
        <test-method signature="f()[pri:0, instance:com.jenkin.jenkins_programs.NewTest@a38c7fe]" started-at="2023-09-05T15:32:52 IST" name="f" finished-at="2023-09-05T15:33:08 IST" duration-ms="15528" status="PASS">
          <reporter-output>
          </reporter-output>
        </test-method> <!-- f -->
      </class> <!-- com.jenkin.jenkins_programs.NewTest -->
    </test> <!-- Default test -->
  </suite> <!-- Default suite -->
</testng-results>
